<?xml version="1.0" encoding="UTF-8"?>
<!-- Generated by org.testng.reporters.JUnitXMLReporter -->
<testsuite ignored="0" hostname="LAPTOP-F48FP62B" failures="0" tests="12" name="Surefire test" time="89.501" errors="0" timestamp="09 Jan. 2023 17:18:37 GMT">
  <testcase classname="tests.TasksPageTest" name="verifyTasksLabelTest" time="1.173"/>
  <testcase classname="tests.HomePageTest" name="verifyHomePageTitleTest" time="0.005"/>
  <testcase classname="tests.LoginTest" name="verifyLoginPageTitleTest" time="0.004"/>
  <testcase classname="tests.DealsPageTest" name="validateCreateNewDealTest" time="0.0">
    <skipped/>
  </testcase> <!-- validateCreateNewDealTest -->
  <testcase classname="tests.HomePageTest" name="verifyUserLabelTest" time="0.84"/>
  <testcase classname="tests.LoginTest" name="loginTest" time="0.368"/>
  <testcase classname="tests.ContactsPageTest" name="validateCreateNewCotact" time="2.511"/>
  <testcase classname="tests.ContactsPageTest" name="validateCreateNewCotact" time="1.97"/>
  <testcase classname="tests.ContactsPageTest" name="validateCreateNewCotact" time="2.295"/>
  <testcase classname="tests.HomePageTest" name="clickOnContactsLinkTest" time="1.116"/>
  <testcase classname="tests.HomePageTest" name="clickOnDealLinkTest" time="1.021"/>
  <testcase classname="tests.HomePageTest" name="clickOnTasksLinkTest" time="1.05"/>
</testsuite> <!-- Surefire test -->
