<?xml version="1.0" encoding="UTF-8"?>
<testsuite xmlns:xsi="http://www.w3.org/2001/XMLSchema-instance" xsi:noNamespaceSchemaLocation="https://maven.apache.org/surefire/maven-surefire-plugin/xsd/surefire-test-report.xsd" name="TestSuite" time="89.929" tests="12" errors="0" skipped="1" failures="0">
  <properties>
[...]
</properties>
  <testcase name="verifyTasksLabelTest" classname="tests.TasksPageTest" time="1.173"/>
  <testcase name="verifyHomePageTitleTest" classname="tests.HomePageTest" time="0.005"/>
  <testcase name="verifyLoginPageTitleTest" classname="tests.LoginTest" time="0.005"/>
  <testcase name="validateCreateNewDealTest" classname="tests.DealsPageTest" time="0">
    <skipped message="java.lang.NullPointerException"/>
    <system-err><![CDATA[1673284648048	Marionette	INFO	Stopped listening on port 54337
[Utils] [ERROR] [Error] java.lang.NullPointerException
	at util.TestUtil.getTestData(TestUtil.java:49)
	at tests.DealsPageTest.getCRMdealsData(DealsPageTest.java:45)
	at java.base/jdk.internal.reflect.NativeMethodAccessorImpl.invoke0(Native Method)
	at java.base/jdk.internal.reflect.NativeMethodAccessorImpl.invoke(NativeMethodAccessorImpl.java:62)
	at java.base/jdk.internal.reflect.DelegatingMethodAccessorImpl.invoke(DelegatingMethodAccessorImpl.java:43)
	at java.base/java.lang.reflect.Method.invoke(Method.java:566)
	at org.testng.internal.MethodInvocationHelper.invokeMethod(MethodInvocationHelper.java:108)
	at org.testng.internal.MethodInvocationHelper.invokeMethod(MethodInvocationHelper.java:55)
	at org.testng.internal.MethodInvocationHelper.invokeMethodNoCheckedException(MethodInvocationHelper.java:45)
	at org.testng.internal.MethodInvocationHelper.invokeDataProvider(MethodInvocationHelper.java:115)
	at org.testng.internal.Parameters.handleParameters(Parameters.java:509)
	at org.testng.internal.Invoker.handleParameters(Invoker.java:1308)
	at org.testng.internal.Invoker.createParameters(Invoker.java:1036)
	at org.testng.internal.Invoker.invokeTestMethods(Invoker.java:1126)
	at org.testng.internal.TestMethodWorker.invokeTestMethods(TestMethodWorker.java:126)
	at org.testng.internal.TestMethodWorker.run(TestMethodWorker.java:109)
	at org.testng.TestRunner.privateRun(TestRunner.java:744)
	at org.testng.TestRunner.run(TestRunner.java:602)
	at org.testng.SuiteRunner.runTest(SuiteRunner.java:380)
	at org.testng.SuiteRunner.runSequentially(SuiteRunner.java:375)
	at org.testng.SuiteRunner.privateRun(SuiteRunner.java:340)
	at org.testng.SuiteRunner.run(SuiteRunner.java:289)
	at org.testng.SuiteRunnerWorker.runSuite(SuiteRunnerWorker.java:52)
	at org.testng.SuiteRunnerWorker.run(SuiteRunnerWorker.java:86)
	at org.testng.TestNG.runSuitesSequentially(TestNG.java:1301)
	at org.testng.TestNG.runSuitesLocally(TestNG.java:1226)
	at org.testng.TestNG.runSuites(TestNG.java:1144)
	at org.testng.TestNG.run(TestNG.java:1115)
	at org.apache.maven.surefire.testng.TestNGExecutor.run(TestNGExecutor.java:135)
	at org.apache.maven.surefire.testng.TestNGDirectoryTestSuite.executeMulti(TestNGDirectoryTestSuite.java:193)
	at org.apache.maven.surefire.testng.TestNGDirectoryTestSuite.execute(TestNGDirectoryTestSuite.java:94)
	at org.apache.maven.surefire.testng.TestNGProvider.invoke(TestNGProvider.java:146)
	at org.apache.maven.surefire.booter.ForkedBooter.invokeProviderInSameClassLoader(ForkedBooter.java:384)
	at org.apache.maven.surefire.booter.ForkedBooter.runSuitesInProcess(ForkedBooter.java:345)
	at org.apache.maven.surefire.booter.ForkedBooter.execute(ForkedBooter.java:126)
	at org.apache.maven.surefire.booter.ForkedBooter.main(ForkedBooter.java:418)

]]></system-err>
  </testcase>
  <testcase name="verifyUserLabelTest" classname="tests.HomePageTest" time="0.841"/>
  <testcase name="loginTest" classname="tests.LoginTest" time="0.368"/>
  <testcase name="validateCreateNewCotact" classname="tests.ContactsPageTest" time="2.511"/>
  <testcase name="validateCreateNewCotact" classname="tests.ContactsPageTest" time="1.97"/>
  <testcase name="validateCreateNewCotact" classname="tests.ContactsPageTest" time="2.294"/>
  <testcase name="clickOnContactsLinkTest" classname="tests.HomePageTest" time="1.116"/>
  <testcase name="clickOnDealLinkTest" classname="tests.HomePageTest" time="1.021"/>
  <testcase name="clickOnTasksLinkTest" classname="tests.HomePageTest" time="1.05"/>
</testsuite>