<?xml version="1.0" encoding="UTF-8"?>
<testng-results ignored="0" total="12" passed="11" failed="0" skipped="1">
  <reporter-output>
  </reporter-output>
  <suite started-at="2023-01-09T17:17:08Z" name="Surefire suite" finished-at="2023-01-09T17:18:37Z" duration-ms="89501">
    <groups>
    </groups>
    <test started-at="2023-01-09T17:17:08Z" name="Surefire test" finished-at="2023-01-09T17:18:37Z" duration-ms="89501">
      <class name="tests.LoginTest">
        <test-method is-config="true" signature="setUp()[pri:0, instance:tests.LoginTest@6d763516]" started-at="2023-01-09T12:17:23Z" name="setUp" finished-at="2023-01-09T12:17:28Z" duration-ms="4891" status="PASS">
          <reporter-output>
          </reporter-output>
        </test-method> <!-- setUp -->
        <test-method signature="verifyLoginPageTitleTest()[pri:1, instance:tests.LoginTest@6d763516]" started-at="2023-01-09T12:17:28Z" name="verifyLoginPageTitleTest" finished-at="2023-01-09T12:17:28Z" duration-ms="4" status="PASS">
          <reporter-output>
          </reporter-output>
        </test-method> <!-- verifyLoginPageTitleTest -->
        <test-method is-config="true" signature="tearDown()[pri:0, instance:tests.LoginTest@6d763516]" started-at="2023-01-09T12:17:28Z" name="tearDown" finished-at="2023-01-09T12:17:29Z" duration-ms="1205" status="PASS">
          <reporter-output>
          </reporter-output>
        </test-method> <!-- tearDown -->
        <test-method is-config="true" signature="setUp()[pri:0, instance:tests.LoginTest@6d763516]" started-at="2023-01-09T12:17:36Z" name="setUp" finished-at="2023-01-09T12:17:41Z" duration-ms="4755" status="PASS">
          <reporter-output>
          </reporter-output>
        </test-method> <!-- setUp -->
        <test-method signature="loginTest()[pri:2, instance:tests.LoginTest@6d763516]" started-at="2023-01-09T12:17:41Z" name="loginTest" finished-at="2023-01-09T12:17:41Z" duration-ms="368" status="PASS">
          <reporter-output>
          </reporter-output>
        </test-method> <!-- loginTest -->
        <test-method is-config="true" signature="tearDown()[pri:0, instance:tests.LoginTest@6d763516]" started-at="2023-01-09T12:17:41Z" name="tearDown" finished-at="2023-01-09T12:17:43Z" duration-ms="1321" status="PASS">
          <reporter-output>
          </reporter-output>
        </test-method> <!-- tearDown -->
      </class> <!-- tests.LoginTest -->
      <class name="tests.TasksPageTest">
        <test-method is-config="true" signature="setUp()[pri:0, instance:tests.TasksPageTest@52bf72b5]" started-at="2023-01-09T12:17:08Z" name="setUp" finished-at="2023-01-09T12:17:14Z" duration-ms="5833" status="PASS">
          <reporter-output>
          </reporter-output>
        </test-method> <!-- setUp -->
        <test-method signature="verifyTasksLabelTest()[pri:0, instance:tests.TasksPageTest@52bf72b5]" started-at="2023-01-09T12:17:14Z" name="verifyTasksLabelTest" finished-at="2023-01-09T12:17:15Z" duration-ms="1173" status="PASS">
          <reporter-output>
          </reporter-output>
        </test-method> <!-- verifyTasksLabelTest -->
        <test-method is-config="true" signature="teardown()[pri:0, instance:tests.TasksPageTest@52bf72b5]" started-at="2023-01-09T12:17:15Z" name="teardown" finished-at="2023-01-09T12:17:16Z" duration-ms="1050" status="PASS">
          <reporter-output>
          </reporter-output>
        </test-method> <!-- teardown -->
      </class> <!-- tests.TasksPageTest -->
      <class name="tests.HomePageTest">
        <test-method is-config="true" signature="setUp()[pri:0, instance:tests.HomePageTest@2a798d51]" started-at="2023-01-09T12:17:16Z" name="setUp" finished-at="2023-01-09T12:17:21Z" duration-ms="5400" status="PASS">
          <reporter-output>
          </reporter-output>
        </test-method> <!-- setUp -->
        <test-method signature="verifyHomePageTitleTest()[pri:1, instance:tests.HomePageTest@2a798d51]" started-at="2023-01-09T12:17:21Z" name="verifyHomePageTitleTest" finished-at="2023-01-09T12:17:21Z" duration-ms="5" status="PASS">
          <reporter-output>
          </reporter-output>
        </test-method> <!-- verifyHomePageTitleTest -->
        <test-method is-config="true" signature="tearDown()[pri:0, instance:tests.HomePageTest@2a798d51]" started-at="2023-01-09T12:17:21Z" name="tearDown" finished-at="2023-01-09T12:17:23Z" duration-ms="1254" status="PASS">
          <reporter-output>
          </reporter-output>
        </test-method> <!-- tearDown -->
        <test-method is-config="true" signature="setUp()[pri:0, instance:tests.HomePageTest@2a798d51]" started-at="2023-01-09T12:17:29Z" name="setUp" finished-at="2023-01-09T12:17:34Z" duration-ms="4885" status="PASS">
          <reporter-output>
          </reporter-output>
        </test-method> <!-- setUp -->
        <test-method signature="verifyUserLabelTest()[pri:2, instance:tests.HomePageTest@2a798d51]" started-at="2023-01-09T12:17:34Z" name="verifyUserLabelTest" finished-at="2023-01-09T12:17:35Z" duration-ms="840" status="PASS">
          <reporter-output>
          </reporter-output>
        </test-method> <!-- verifyUserLabelTest -->
        <test-method is-config="true" signature="tearDown()[pri:0, instance:tests.HomePageTest@2a798d51]" started-at="2023-01-09T12:17:35Z" name="tearDown" finished-at="2023-01-09T12:17:36Z" duration-ms="1258" status="PASS">
          <reporter-output>
          </reporter-output>
        </test-method> <!-- tearDown -->
        <test-method is-config="true" signature="setUp()[pri:0, instance:tests.HomePageTest@2a798d51]" started-at="2023-01-09T12:18:12Z" name="setUp" finished-at="2023-01-09T12:18:17Z" duration-ms="5456" status="PASS">
          <reporter-output>
          </reporter-output>
        </test-method> <!-- setUp -->
        <test-method signature="clickOnContactsLinkTest()[pri:3, instance:tests.HomePageTest@2a798d51]" started-at="2023-01-09T12:18:17Z" name="clickOnContactsLinkTest" finished-at="2023-01-09T12:18:18Z" duration-ms="1116" status="PASS">
          <reporter-output>
          </reporter-output>
        </test-method> <!-- clickOnContactsLinkTest -->
        <test-method is-config="true" signature="tearDown()[pri:0, instance:tests.HomePageTest@2a798d51]" started-at="2023-01-09T12:18:18Z" name="tearDown" finished-at="2023-01-09T12:18:19Z" duration-ms="1000" status="PASS">
          <reporter-output>
          </reporter-output>
        </test-method> <!-- tearDown -->
        <test-method is-config="true" signature="setUp()[pri:0, instance:tests.HomePageTest@2a798d51]" started-at="2023-01-09T12:18:19Z" name="setUp" finished-at="2023-01-09T12:18:26Z" duration-ms="6639" status="PASS">
          <reporter-output>
          </reporter-output>
        </test-method> <!-- setUp -->
        <test-method signature="clickOnDealLinkTest()[pri:4, instance:tests.HomePageTest@2a798d51]" started-at="2023-01-09T12:18:26Z" name="clickOnDealLinkTest" finished-at="2023-01-09T12:18:27Z" duration-ms="1021" status="PASS">
          <reporter-output>
          </reporter-output>
        </test-method> <!-- clickOnDealLinkTest -->
        <test-method is-config="true" signature="tearDown()[pri:0, instance:tests.HomePageTest@2a798d51]" started-at="2023-01-09T12:18:27Z" name="tearDown" finished-at="2023-01-09T12:18:28Z" duration-ms="1541" status="PASS">
          <reporter-output>
          </reporter-output>
        </test-method> <!-- tearDown -->
        <test-method is-config="true" signature="setUp()[pri:0, instance:tests.HomePageTest@2a798d51]" started-at="2023-01-09T12:18:28Z" name="setUp" finished-at="2023-01-09T12:18:35Z" duration-ms="6679" status="PASS">
          <reporter-output>
          </reporter-output>
        </test-method> <!-- setUp -->
        <test-method signature="clickOnTasksLinkTest()[pri:5, instance:tests.HomePageTest@2a798d51]" started-at="2023-01-09T12:18:35Z" name="clickOnTasksLinkTest" finished-at="2023-01-09T12:18:36Z" duration-ms="1050" status="PASS">
          <reporter-output>
          </reporter-output>
        </test-method> <!-- clickOnTasksLinkTest -->
        <test-method is-config="true" signature="tearDown()[pri:0, instance:tests.HomePageTest@2a798d51]" started-at="2023-01-09T12:18:36Z" name="tearDown" finished-at="2023-01-09T12:18:37Z" duration-ms="1374" status="PASS">
          <reporter-output>
          </reporter-output>
        </test-method> <!-- tearDown -->
      </class> <!-- tests.HomePageTest -->
      <class name="tests.DealsPageTest">
        <test-method signature="validateCreateNewDealTest(java.lang.String, java.lang.String, java.lang.String)[pri:2, instance:tests.DealsPageTest@6b81ce95]" started-at="2023-01-09T12:17:29Z" name="validateCreateNewDealTest" data-provider="getCRMdealsData" finished-at="2023-01-09T12:17:29Z" duration-ms="0" status="SKIP">
          <exception class="java.lang.RuntimeException">
            <message>
              <![CDATA[java.lang.NullPointerException]]>
            </message>
            <full-stacktrace>
              <![CDATA[java.lang.RuntimeException: java.lang.NullPointerException
	at org.testng.internal.MethodInvocationHelper.invokeMethodNoCheckedException(MethodInvocationHelper.java:49)
	at org.testng.internal.MethodInvocationHelper.invokeDataProvider(MethodInvocationHelper.java:115)
	at org.testng.internal.Parameters.handleParameters(Parameters.java:509)
	at org.testng.internal.Invoker.handleParameters(Invoker.java:1308)
	at org.testng.internal.Invoker.createParameters(Invoker.java:1036)
	at org.testng.internal.Invoker.invokeTestMethods(Invoker.java:1126)
	at org.testng.internal.TestMethodWorker.invokeTestMethods(TestMethodWorker.java:126)
	at org.testng.internal.TestMethodWorker.run(TestMethodWorker.java:109)
	at org.testng.TestRunner.privateRun(TestRunner.java:744)
	at org.testng.TestRunner.run(TestRunner.java:602)
	at org.testng.SuiteRunner.runTest(SuiteRunner.java:380)
	at org.testng.SuiteRunner.runSequentially(SuiteRunner.java:375)
	at org.testng.SuiteRunner.privateRun(SuiteRunner.java:340)
	at org.testng.SuiteRunner.run(SuiteRunner.java:289)
	at org.testng.SuiteRunnerWorker.runSuite(SuiteRunnerWorker.java:52)
	at org.testng.SuiteRunnerWorker.run(SuiteRunnerWorker.java:86)
	at org.testng.TestNG.runSuitesSequentially(TestNG.java:1301)
	at org.testng.TestNG.runSuitesLocally(TestNG.java:1226)
	at org.testng.TestNG.runSuites(TestNG.java:1144)
	at org.testng.TestNG.run(TestNG.java:1115)
	at org.apache.maven.surefire.testng.TestNGExecutor.run(TestNGExecutor.java:135)
	at org.apache.maven.surefire.testng.TestNGDirectoryTestSuite.executeMulti(TestNGDirectoryTestSuite.java:193)
	at org.apache.maven.surefire.testng.TestNGDirectoryTestSuite.execute(TestNGDirectoryTestSuite.java:94)
	at org.apache.maven.surefire.testng.TestNGProvider.invoke(TestNGProvider.java:146)
	at org.apache.maven.surefire.booter.ForkedBooter.invokeProviderInSameClassLoader(ForkedBooter.java:384)
	at org.apache.maven.surefire.booter.ForkedBooter.runSuitesInProcess(ForkedBooter.java:345)
	at org.apache.maven.surefire.booter.ForkedBooter.execute(ForkedBooter.java:126)
	at org.apache.maven.surefire.booter.ForkedBooter.main(ForkedBooter.java:418)
Caused by: java.lang.NullPointerException
	at util.TestUtil.getTestData(TestUtil.java:49)
	at tests.DealsPageTest.getCRMdealsData(DealsPageTest.java:45)
	at java.base/jdk.internal.reflect.NativeMethodAccessorImpl.invoke0(Native Method)
	at java.base/jdk.internal.reflect.NativeMethodAccessorImpl.invoke(NativeMethodAccessorImpl.java:62)
	at java.base/jdk.internal.reflect.DelegatingMethodAccessorImpl.invoke(DelegatingMethodAccessorImpl.java:43)
	at java.base/java.lang.reflect.Method.invoke(Method.java:566)
	at org.testng.internal.MethodInvocationHelper.invokeMethod(MethodInvocationHelper.java:108)
	at org.testng.internal.MethodInvocationHelper.invokeMethod(MethodInvocationHelper.java:55)
	at org.testng.internal.MethodInvocationHelper.invokeMethodNoCheckedException(MethodInvocationHelper.java:45)
	... 27 more
]]>
            </full-stacktrace>
          </exception> <!-- java.lang.RuntimeException -->
          <reporter-output>
          </reporter-output>
        </test-method> <!-- validateCreateNewDealTest -->
      </class> <!-- tests.DealsPageTest -->
      <class name="tests.ContactsPageTest">
        <test-method is-config="true" signature="setUp()[pri:0, instance:tests.ContactsPageTest@6572421]" started-at="2023-01-09T12:17:43Z" name="setUp" finished-at="2023-01-09T12:17:49Z" duration-ms="5823" status="PASS">
          <reporter-output>
          </reporter-output>
        </test-method> <!-- setUp -->
        <test-method signature="validateCreateNewCotact(java.lang.String, java.lang.String, java.lang.String, java.lang.String)[pri:3, instance:tests.ContactsPageTest@6572421]" started-at="2023-01-09T12:17:49Z" name="validateCreateNewCotact" data-provider="getCRMTestData" finished-at="2023-01-09T12:17:51Z" duration-ms="2511" status="PASS">
          <params>
            <param index="0">
              <value>
                <![CDATA[Natasha]]>
              </value>
            </param>
            <param index="1">
              <value>
                <![CDATA[Romanoff]]>
              </value>
            </param>
            <param index="2">
              <value>
                <![CDATA[Shield]]>
              </value>
            </param>
            <param index="3">
              <value>
                <![CDATA[Black widow]]>
              </value>
            </param>
          </params>
          <reporter-output>
          </reporter-output>
        </test-method> <!-- validateCreateNewCotact -->
        <test-method is-config="true" signature="tearDown()[pri:0, instance:tests.ContactsPageTest@6572421]" started-at="2023-01-09T12:17:51Z" name="tearDown" finished-at="2023-01-09T12:17:52Z" duration-ms="1311" status="PASS">
          <reporter-output>
          </reporter-output>
        </test-method> <!-- tearDown -->
        <test-method is-config="true" signature="setUp()[pri:0, instance:tests.ContactsPageTest@6572421]" started-at="2023-01-09T12:17:52Z" name="setUp" finished-at="2023-01-09T12:17:58Z" duration-ms="5987" status="PASS">
          <reporter-output>
          </reporter-output>
        </test-method> <!-- setUp -->
        <test-method signature="validateCreateNewCotact(java.lang.String, java.lang.String, java.lang.String, java.lang.String)[pri:3, instance:tests.ContactsPageTest@6572421]" started-at="2023-01-09T12:17:58Z" name="validateCreateNewCotact" data-provider="getCRMTestData" finished-at="2023-01-09T12:18:00Z" duration-ms="1970" status="PASS">
          <params>
            <param index="0">
              <value>
                <![CDATA[Thor]]>
              </value>
            </param>
            <param index="1">
              <value>
                <![CDATA[lightening]]>
              </value>
            </param>
            <param index="2">
              <value>
                <![CDATA[Asguard]]>
              </value>
            </param>
            <param index="3">
              <value>
                <![CDATA[Thor]]>
              </value>
            </param>
          </params>
          <reporter-output>
          </reporter-output>
        </test-method> <!-- validateCreateNewCotact -->
        <test-method is-config="true" signature="tearDown()[pri:0, instance:tests.ContactsPageTest@6572421]" started-at="2023-01-09T12:18:00Z" name="tearDown" finished-at="2023-01-09T12:18:02Z" duration-ms="1323" status="PASS">
          <reporter-output>
          </reporter-output>
        </test-method> <!-- tearDown -->
        <test-method is-config="true" signature="setUp()[pri:0, instance:tests.ContactsPageTest@6572421]" started-at="2023-01-09T12:18:02Z" name="setUp" finished-at="2023-01-09T12:18:08Z" duration-ms="6334" status="PASS">
          <reporter-output>
          </reporter-output>
        </test-method> <!-- setUp -->
        <test-method signature="validateCreateNewCotact(java.lang.String, java.lang.String, java.lang.String, java.lang.String)[pri:3, instance:tests.ContactsPageTest@6572421]" started-at="2023-01-09T12:18:08Z" name="validateCreateNewCotact" data-provider="getCRMTestData" finished-at="2023-01-09T12:18:10Z" duration-ms="2295" status="PASS">
          <params>
            <param index="0">
              <value>
                <![CDATA[Bucky]]>
              </value>
            </param>
            <param index="1">
              <value>
                <![CDATA[Barns]]>
              </value>
            </param>
            <param index="2">
              <value>
                <![CDATA[Hydra]]>
              </value>
            </param>
            <param index="3">
              <value>
                <![CDATA[Winter-Soldier]]>
              </value>
            </param>
          </params>
          <reporter-output>
          </reporter-output>
        </test-method> <!-- validateCreateNewCotact -->
        <test-method is-config="true" signature="tearDown()[pri:0, instance:tests.ContactsPageTest@6572421]" started-at="2023-01-09T12:18:10Z" name="tearDown" finished-at="2023-01-09T12:18:12Z" duration-ms="1226" status="PASS">
          <reporter-output>
          </reporter-output>
        </test-method> <!-- tearDown -->
      </class> <!-- tests.ContactsPageTest -->
    </test> <!-- Surefire test -->
  </suite> <!-- Surefire suite -->
</testng-results>
