<?xml version="1.0" encoding="UTF-8"?>
<testng-results ignored="0" total="10" passed="10" failed="0" skipped="0">
  <reporter-output>
  </reporter-output>
  <suite started-at="2023-01-09T14:02:11 EST" name="Free CRM Appication Test Automation Test Suite" finished-at="2023-01-09T14:03:03 EST" duration-ms="52207">
    <groups>
    </groups>
    <test started-at="2023-01-09T14:02:11 EST" name="Test" finished-at="2023-01-09T14:03:03 EST" duration-ms="52207">
      <class name="tests.LoginTest">
        <test-method is-config="true" signature="setUp()[pri:0, instance:tests.LoginTest@78123e82]" started-at="2023-01-09T14:02:11 EST" name="setUp" finished-at="2023-01-09T14:02:15 EST" duration-ms="3586" status="PASS">
          <reporter-output>
          </reporter-output>
        </test-method> <!-- setUp -->
        <test-method signature="verifyLoginPageTitleTest()[pri:1, instance:tests.LoginTest@78123e82]" started-at="2023-01-09T14:02:15 EST" name="verifyLoginPageTitleTest" finished-at="2023-01-09T14:02:15 EST" duration-ms="17" status="PASS">
          <reporter-output>
          </reporter-output>
        </test-method> <!-- verifyLoginPageTitleTest -->
        <test-method is-config="true" signature="tearDown()[pri:0, instance:tests.LoginTest@78123e82]" started-at="2023-01-09T14:02:15 EST" name="tearDown" finished-at="2023-01-09T14:02:15 EST" duration-ms="671" status="PASS">
          <reporter-output>
          </reporter-output>
        </test-method> <!-- tearDown -->
        <test-method is-config="true" signature="setUp()[pri:0, instance:tests.LoginTest@78123e82]" started-at="2023-01-09T14:02:15 EST" name="setUp" finished-at="2023-01-09T14:02:18 EST" duration-ms="2921" status="PASS">
          <reporter-output>
          </reporter-output>
        </test-method> <!-- setUp -->
        <test-method signature="loginTest()[pri:2, instance:tests.LoginTest@78123e82]" started-at="2023-01-09T14:02:18 EST" name="loginTest" finished-at="2023-01-09T14:02:19 EST" duration-ms="224" status="PASS">
          <reporter-output>
          </reporter-output>
        </test-method> <!-- loginTest -->
        <test-method is-config="true" signature="tearDown()[pri:0, instance:tests.LoginTest@78123e82]" started-at="2023-01-09T14:02:19 EST" name="tearDown" finished-at="2023-01-09T14:02:19 EST" duration-ms="610" status="PASS">
          <reporter-output>
          </reporter-output>
        </test-method> <!-- tearDown -->
      </class> <!-- tests.LoginTest -->
      <class name="tests.HomePageTest">
        <test-method is-config="true" signature="setUp()[pri:0, instance:tests.HomePageTest@4f2b503c]" started-at="2023-01-09T14:02:19 EST" name="setUp" finished-at="2023-01-09T14:02:22 EST" duration-ms="3328" status="PASS">
          <reporter-output>
          </reporter-output>
        </test-method> <!-- setUp -->
        <test-method signature="verifyHomePageTitleTest()[pri:1, instance:tests.HomePageTest@4f2b503c]" started-at="2023-01-09T14:02:22 EST" name="verifyHomePageTitleTest" finished-at="2023-01-09T14:02:22 EST" duration-ms="6" status="PASS">
          <reporter-output>
          </reporter-output>
        </test-method> <!-- verifyHomePageTitleTest -->
        <test-method is-config="true" signature="tearDown()[pri:0, instance:tests.HomePageTest@4f2b503c]" started-at="2023-01-09T14:02:22 EST" name="tearDown" finished-at="2023-01-09T14:02:23 EST" duration-ms="647" status="PASS">
          <reporter-output>
          </reporter-output>
        </test-method> <!-- tearDown -->
        <test-method is-config="true" signature="setUp()[pri:0, instance:tests.HomePageTest@4f2b503c]" started-at="2023-01-09T14:02:23 EST" name="setUp" finished-at="2023-01-09T14:02:26 EST" duration-ms="3228" status="PASS">
          <reporter-output>
          </reporter-output>
        </test-method> <!-- setUp -->
        <test-method signature="verifyUserLabelTest()[pri:2, instance:tests.HomePageTest@4f2b503c]" started-at="2023-01-09T14:02:26 EST" name="verifyUserLabelTest" finished-at="2023-01-09T14:02:27 EST" duration-ms="779" status="PASS">
          <reporter-output>
          </reporter-output>
        </test-method> <!-- verifyUserLabelTest -->
        <test-method is-config="true" signature="tearDown()[pri:0, instance:tests.HomePageTest@4f2b503c]" started-at="2023-01-09T14:02:27 EST" name="tearDown" finished-at="2023-01-09T14:02:28 EST" duration-ms="611" status="PASS">
          <reporter-output>
          </reporter-output>
        </test-method> <!-- tearDown -->
        <test-method is-config="true" signature="setUp()[pri:0, instance:tests.HomePageTest@4f2b503c]" started-at="2023-01-09T14:02:28 EST" name="setUp" finished-at="2023-01-09T14:02:31 EST" duration-ms="3250" status="PASS">
          <reporter-output>
          </reporter-output>
        </test-method> <!-- setUp -->
        <test-method signature="clickOnContactsLinkTest()[pri:3, instance:tests.HomePageTest@4f2b503c]" started-at="2023-01-09T14:02:31 EST" name="clickOnContactsLinkTest" finished-at="2023-01-09T14:02:32 EST" duration-ms="785" status="PASS">
          <reporter-output>
          </reporter-output>
        </test-method> <!-- clickOnContactsLinkTest -->
        <test-method is-config="true" signature="tearDown()[pri:0, instance:tests.HomePageTest@4f2b503c]" started-at="2023-01-09T14:02:32 EST" name="tearDown" finished-at="2023-01-09T14:02:32 EST" duration-ms="625" status="PASS">
          <reporter-output>
          </reporter-output>
        </test-method> <!-- tearDown -->
        <test-method is-config="true" signature="setUp()[pri:0, instance:tests.HomePageTest@4f2b503c]" started-at="2023-01-09T14:02:32 EST" name="setUp" finished-at="2023-01-09T14:02:36 EST" duration-ms="3080" status="PASS">
          <reporter-output>
          </reporter-output>
        </test-method> <!-- setUp -->
        <test-method signature="clickOnDealLinkTest()[pri:4, instance:tests.HomePageTest@4f2b503c]" started-at="2023-01-09T14:02:36 EST" name="clickOnDealLinkTest" finished-at="2023-01-09T14:02:36 EST" duration-ms="774" status="PASS">
          <reporter-output>
          </reporter-output>
        </test-method> <!-- clickOnDealLinkTest -->
        <test-method is-config="true" signature="tearDown()[pri:0, instance:tests.HomePageTest@4f2b503c]" started-at="2023-01-09T14:02:36 EST" name="tearDown" finished-at="2023-01-09T14:02:37 EST" duration-ms="605" status="PASS">
          <reporter-output>
          </reporter-output>
        </test-method> <!-- tearDown -->
        <test-method is-config="true" signature="setUp()[pri:0, instance:tests.HomePageTest@4f2b503c]" started-at="2023-01-09T14:02:37 EST" name="setUp" finished-at="2023-01-09T14:02:40 EST" duration-ms="3297" status="PASS">
          <reporter-output>
          </reporter-output>
        </test-method> <!-- setUp -->
        <test-method signature="clickOnTasksLinkTest()[pri:5, instance:tests.HomePageTest@4f2b503c]" started-at="2023-01-09T14:02:40 EST" name="clickOnTasksLinkTest" finished-at="2023-01-09T14:02:41 EST" duration-ms="773" status="PASS">
          <reporter-output>
          </reporter-output>
        </test-method> <!-- clickOnTasksLinkTest -->
        <test-method is-config="true" signature="tearDown()[pri:0, instance:tests.HomePageTest@4f2b503c]" started-at="2023-01-09T14:02:41 EST" name="tearDown" finished-at="2023-01-09T14:02:42 EST" duration-ms="625" status="PASS">
          <reporter-output>
          </reporter-output>
        </test-method> <!-- tearDown -->
      </class> <!-- tests.HomePageTest -->
      <class name="tests.ContactsPageTest">
        <test-method is-config="true" signature="setUp()[pri:0, instance:tests.ContactsPageTest@e15b7e8]" started-at="2023-01-09T14:02:42 EST" name="setUp" finished-at="2023-01-09T14:02:46 EST" duration-ms="4087" status="PASS">
          <reporter-output>
          </reporter-output>
        </test-method> <!-- setUp -->
        <test-method signature="validateCreateNewCotact(java.lang.String,java.lang.String,java.lang.String,java.lang.String)[pri:3, instance:tests.ContactsPageTest@e15b7e8]" started-at="2023-01-09T14:02:46 EST" name="validateCreateNewCotact" data-provider="getCRMTestData" finished-at="2023-01-09T14:02:48 EST" duration-ms="2412" status="PASS">
          <params>
            <param index="0">
              <value>
                <![CDATA[Natasha]]>
              </value>
            </param>
            <param index="1">
              <value>
                <![CDATA[Romanoff]]>
              </value>
            </param>
            <param index="2">
              <value>
                <![CDATA[Shield]]>
              </value>
            </param>
            <param index="3">
              <value>
                <![CDATA[Black widow]]>
              </value>
            </param>
          </params>
          <reporter-output>
          </reporter-output>
        </test-method> <!-- validateCreateNewCotact -->
        <test-method is-config="true" signature="tearDown()[pri:0, instance:tests.ContactsPageTest@e15b7e8]" started-at="2023-01-09T14:02:48 EST" name="tearDown" finished-at="2023-01-09T14:02:49 EST" duration-ms="644" status="PASS">
          <reporter-output>
          </reporter-output>
        </test-method> <!-- tearDown -->
        <test-method is-config="true" signature="setUp()[pri:0, instance:tests.ContactsPageTest@e15b7e8]" started-at="2023-01-09T14:02:49 EST" name="setUp" finished-at="2023-01-09T14:02:53 EST" duration-ms="4094" status="PASS">
          <reporter-output>
          </reporter-output>
        </test-method> <!-- setUp -->
        <test-method signature="validateCreateNewCotact(java.lang.String,java.lang.String,java.lang.String,java.lang.String)[pri:3, instance:tests.ContactsPageTest@e15b7e8]" started-at="2023-01-09T14:02:53 EST" name="validateCreateNewCotact" data-provider="getCRMTestData" finished-at="2023-01-09T14:02:55 EST" duration-ms="2222" status="PASS">
          <params>
            <param index="0">
              <value>
                <![CDATA[Thor]]>
              </value>
            </param>
            <param index="1">
              <value>
                <![CDATA[lightening]]>
              </value>
            </param>
            <param index="2">
              <value>
                <![CDATA[Asguard]]>
              </value>
            </param>
            <param index="3">
              <value>
                <![CDATA[Thor]]>
              </value>
            </param>
          </params>
          <reporter-output>
          </reporter-output>
        </test-method> <!-- validateCreateNewCotact -->
        <test-method is-config="true" signature="tearDown()[pri:0, instance:tests.ContactsPageTest@e15b7e8]" started-at="2023-01-09T14:02:55 EST" name="tearDown" finished-at="2023-01-09T14:02:56 EST" duration-ms="660" status="PASS">
          <reporter-output>
          </reporter-output>
        </test-method> <!-- tearDown -->
        <test-method is-config="true" signature="setUp()[pri:0, instance:tests.ContactsPageTest@e15b7e8]" started-at="2023-01-09T14:02:56 EST" name="setUp" finished-at="2023-01-09T14:03:00 EST" duration-ms="4006" status="PASS">
          <reporter-output>
          </reporter-output>
        </test-method> <!-- setUp -->
        <test-method signature="validateCreateNewCotact(java.lang.String,java.lang.String,java.lang.String,java.lang.String)[pri:3, instance:tests.ContactsPageTest@e15b7e8]" started-at="2023-01-09T14:03:00 EST" name="validateCreateNewCotact" data-provider="getCRMTestData" finished-at="2023-01-09T14:03:03 EST" duration-ms="2552" status="PASS">
          <params>
            <param index="0">
              <value>
                <![CDATA[Bucky]]>
              </value>
            </param>
            <param index="1">
              <value>
                <![CDATA[Barns]]>
              </value>
            </param>
            <param index="2">
              <value>
                <![CDATA[Hydra]]>
              </value>
            </param>
            <param index="3">
              <value>
                <![CDATA[Winter-Soldier]]>
              </value>
            </param>
          </params>
          <reporter-output>
          </reporter-output>
        </test-method> <!-- validateCreateNewCotact -->
        <test-method is-config="true" signature="tearDown()[pri:0, instance:tests.ContactsPageTest@e15b7e8]" started-at="2023-01-09T14:03:03 EST" name="tearDown" finished-at="2023-01-09T14:03:03 EST" duration-ms="665" status="PASS">
          <reporter-output>
          </reporter-output>
        </test-method> <!-- tearDown -->
      </class> <!-- tests.ContactsPageTest -->
    </test> <!-- Test -->
  </suite> <!-- Free CRM Appication Test Automation Test Suite -->
</testng-results>
