<?xml version="1.0" encoding="UTF-8"?>
<!-- Generated by org.testng.reporters.JUnitXMLReporter -->
<testsuite ignored="0" hostname="LAPTOP-F48FP62B" failures="0" tests="10" name="Test" time="90.145" errors="0" timestamp="2022-12-01T17:51:42 EST">
  <testcase classname="tests.LoginTest" name="verifyLoginPageTitleTest" time="0.012"/>
  <testcase classname="tests.LoginTest" name="loginTest" time="0.186"/>
  <testcase classname="tests.HomePageTest" name="verifyHomePageTitleTest" time="0.004"/>
  <testcase classname="tests.HomePageTest" name="verifyUserLabelTest" time="1.057"/>
  <testcase classname="tests.HomePageTest" name="clickOnContactsLinkTest" time="1.26"/>
  <testcase classname="tests.HomePageTest" name="clickOnDealLinkTest" time="1.125"/>
  <testcase classname="tests.HomePageTest" name="clickOnTasksLinkTest" time="1.101"/>
  <testcase classname="tests.ContactsPageTest" name="validateCreateNewCotact" time="3.415"/>
  <testcase classname="tests.ContactsPageTest" name="validateCreateNewCotact" time="3.172"/>
  <testcase classname="tests.ContactsPageTest" name="validateCreateNewCotact" time="3.445"/>
</testsuite> <!-- Test -->
