<?xml version="1.0" encoding="UTF-8"?>
<!-- Generated by org.testng.reporters.JUnitXMLReporter -->
<testsuite ignored="0" hostname="LAPTOP-F48FP62B" failures="0" tests="10" name="Test" time="76.613" errors="0" timestamp="2023-01-09T12:09:22 EST">
  <testcase classname="tests.LoginTest" name="verifyLoginPageTitleTest" time="0.011"/>
  <testcase classname="tests.LoginTest" name="loginTest" time="0.197"/>
  <testcase classname="tests.HomePageTest" name="verifyHomePageTitleTest" time="0.004"/>
  <testcase classname="tests.HomePageTest" name="verifyUserLabelTest" time="0.892"/>
  <testcase classname="tests.HomePageTest" name="clickOnContactsLinkTest" time="1.099"/>
  <testcase classname="tests.HomePageTest" name="clickOnDealLinkTest" time="1.095"/>
  <testcase classname="tests.HomePageTest" name="clickOnTasksLinkTest" time="1.016"/>
  <testcase classname="tests.ContactsPageTest" name="validateCreateNewCotact" time="2.074"/>
  <testcase classname="tests.ContactsPageTest" name="validateCreateNewCotact" time="1.689"/>
  <testcase classname="tests.ContactsPageTest" name="validateCreateNewCotact" time="2.061"/>
</testsuite> <!-- Test -->
